::1 - - [30/Mar/2026 22:02:50] "GET / HTTP/1.1" 304 -
::1 - - [30/Mar/2026 22:02:50] "GET /src/styles.css?v=20260329a HTTP/1.1" 304 -
::1 - - [30/Mar/2026 22:02:50] "GET /src/main.js?v=20260329b HTTP/1.1" 304 -
::1 - - [30/Mar/2026 22:02:50] "GET /src/pages/reportPage.js HTTP/1.1" 304 -
::1 - - [30/Mar/2026 22:02:50] "GET /src/pages/uploadPage.js HTTP/1.1" 304 -
::1 - - [30/Mar/2026 22:02:50] "GET /src/pipeline/posePipeline.js HTTP/1.1" 304 -
::1 - - [30/Mar/2026 22:02:50] "GET /src/taskStore.js HTTP/1.1" 304 -
::1 - - [30/Mar/2026 22:02:50] "GET /src/pipeline/cameraController.js HTTP/1.1" 200 -
::1 - - [30/Mar/2026 22:02:50] "GET /src/router.js HTTP/1.1" 304 -
::1 - - [30/Mar/2026 22:02:50] "GET /src/visualization/visualization.js HTTP/1.1" 200 -
::1 - - [30/Mar/2026 22:02:50] "GET /src/content/explanationStore.js HTTP/1.1" 304 -
::1 - - [30/Mar/2026 22:02:50] "GET /src/pipeline/poseEstimator.js HTTP/1.1" 304 -
::1 - - [30/Mar/2026 22:02:50] "GET /src/apiClient.js HTTP/1.1" 304 -
::1 - - [30/Mar/2026 22:02:50] "GET /src/dashboard/DashboardApp.js?v=1774879370746 HTTP/1.1" 200 -
::1 - - [30/Mar/2026 22:02:50] "GET /src/ui/uiBindings.js?v=20260329b HTTP/1.1" 304 -
::1 - - [30/Mar/2026 22:16:54] "GET / HTTP/1.1" 304 -
::1 - - [30/Mar/2026 22:16:54] "GET /src/dashboard/DashboardApp.js?v=1774880214936 HTTP/1.1" 200 -
::1 - - [30/Mar/2026 22:48:01] "GET / HTTP/1.1" 200 -
::1 - - [30/Mar/2026 22:48:01] "GET /src/dashboard/DashboardApp.js?v=1774882081596 HTTP/1.1" 200 -
::1 - - [30/Mar/2026 22:48:26] "GET / HTTP/1.1" 304 -
::1 - - [30/Mar/2026 22:48:26] "GET /src/dashboard/DashboardApp.js?v=1774882106251 HTTP/1.1" 200 -
::1 - - [30/Mar/2026 22:54:42] "GET / HTTP/1.1" 304 -
::1 - - [30/Mar/2026 22:54:42] "GET /src/dashboard/DashboardApp.js?v=1774882482914 HTTP/1.1" 200 -
::1 - - [30/Mar/2026 22:57:52] "GET / HTTP/1.1" 304 -
::1 - - [30/Mar/2026 22:57:52] "GET /src/dashboard/DashboardApp.js?v=1774882672077 HTTP/1.1" 200 -
::1 - - [30/Mar/2026 22:57:54] "GET / HTTP/1.1" 304 -
::1 - - [30/Mar/2026 22:57:54] "GET /src/dashboard/DashboardApp.js?v=1774882674164 HTTP/1.1" 200 -
::1 - - [30/Mar/2026 22:58:01] "GET / HTTP/1.1" 200 -
::1 - - [30/Mar/2026 22:58:01] "GET /src/styles.css?v=20260329a HTTP/1.1" 200 -
::1 - - [30/Mar/2026 22:58:01] "GET /src/main.js?v=20260329b HTTP/1.1" 200 -
::1 - - [30/Mar/2026 22:58:03] "GET /src/router.js HTTP/1.1" 200 -
::1 - - [30/Mar/2026 22:58:03] "GET /src/taskStore.js HTTP/1.1" 200 -
::1 - - [30/Mar/2026 22:58:03] "GET /src/pages/uploadPage.js HTTP/1.1" 200 -
::1 - - [30/Mar/2026 22:58:03] "GET /src/pipeline/cameraController.js HTTP/1.1" 200 -
::1 - - [30/Mar/2026 22:58:03] "GET /src/pages/reportPage.js HTTP/1.1" 200 -
::1 - - [30/Mar/2026 22:58:03] "GET /src/pipeline/posePipeline.js HTTP/1.1" 200 -
::1 - - [30/Mar/2026 22:58:03] "GET /src/content/explanationStore.js HTTP/1.1" 200 -
::1 - - [30/Mar/2026 22:58:03] "GET /src/visualization/visualization.js HTTP/1.1" 200 -
::1 - - [30/Mar/2026 22:58:03] "GET /src/apiClient.js HTTP/1.1" 200 -
::1 - - [30/Mar/2026 22:58:03] "GET /src/pipeline/poseEstimator.js HTTP/1.1" 200 -
::1 - - [30/Mar/2026 22:58:03] "GET /src/visualization/swingTracer.js HTTP/1.1" 200 -
::1 - - [30/Mar/2026 22:58:03] "GET /src/ui/uiBindings.js?v=20260329b HTTP/1.1" 200 -
::1 - - [30/Mar/2026 22:58:03] "GET /src/dashboard/DashboardApp.js?v=1774882683486 HTTP/1.1" 200 -
::1 - - [30/Mar/2026 22:58:03] code 404, message File not found
::1 - - [30/Mar/2026 22:58:03] "GET /favicon.ico HTTP/1.1" 404 -
